<?xml version="1.0" encoding="UTF-8"?>
<testsuites>
  <testsuite name="CS161_Tests">
    <testcase name="Part1_Welcome_Message" time="0.00183962"/>
    <testcase name="Part1_Time_Display" time="0.001399"/>
    <testcase name="Part2_Food_Charge" time="0.0014765"/>
    <testcase name="Part2_Tax_Amount" time="0.00172317"/>
    <testcase name="Part2_Gratuity_Amount" time="0.00333025"/>
    <testcase name="Part2_Total_Amount" time="0.00220075"/>
    <testcase name="Part2_Decimal_Places" time="0.00222329"/>
    <testcase name="Part2_Tax_Constant_Usage" time="0.000863459"/>
    <testcase name="Part3_Change_Calculation" time="0.00246421"/>
    <testcase name="Extra_Credit_Change_Breakdown" time="0.00236158"/>
  </testsuite>
</testsuites>
